<?xml version="1.0" encoding="UTF-8"?>
<!-- Generated by org.testng.reporters.JUnitReportReporter -->
<testsuite hostname="Karthick" name="com.ebay.home.tests.HomePageTests" tests="5" failures="0" timestamp="2 Feb 2020 09:05:00 GMT" time="10.640" errors="0">
  <testcase name="validateSearch" time="5.483" classname="com.ebay.home.tests.HomePageTests"/>
  <testcase name="validatelinkBySearchCat" time="1.470" classname="com.ebay.home.tests.HomePageTests"/>
  <testcase name="validateBreadCrum" time="2.081" classname="com.ebay.home.tests.HomePageTests"/>
  <testcase name="validateCategoryOption" time="0.357" classname="com.ebay.home.tests.HomePageTests"/>
  <testcase name="verifyLogo" time="1.249" classname="com.ebay.home.tests.HomePageTests"/>
</testsuite> <!-- com.ebay.home.tests.HomePageTests -->
