<?xml version="1.0" encoding="UTF-8"?>
<!-- Generated by org.testng.reporters.JUnitReportReporter -->
<testsuite hostname="Karthick" name="com.ebay.tests.HomePageTests" tests="5" failures="0" timestamp="3 Feb 2020 01:38:57 GMT" time="11.421" errors="0">
  <testcase name="validateSearch" time="7.037" classname="com.ebay.tests.HomePageTests"/>
  <testcase name="verifyLogo" time="1.025" classname="com.ebay.tests.HomePageTests"/>
  <testcase name="validatelinkBySearchCat" time="1.418" classname="com.ebay.tests.HomePageTests"/>
  <testcase name="validateBreadCrum" time="1.614" classname="com.ebay.tests.HomePageTests"/>
  <testcase name="validateCategoryOption" time="0.327" classname="com.ebay.tests.HomePageTests"/>
</testsuite> <!-- com.ebay.tests.HomePageTests -->
